90
20
54
333
5
3
107
213
303
367
363
363
47
148
348
340
141
290
293
6
314
370
148
244
6
13
48
88
129
48
121
213
381
144
51
405
200
357
291
216
141
269
74
110
213
370
139
349
48
391
371
62
363
88
315
96
332
258
109
391
22
40
13
18
363
106
291
312
363
337
347
215
319
213
140
316
280
148
148
182
405
32
233
242
112
138
215
176
158
387
181
263
384
34
401
262
214
117
133
156
198
32
58
202
195
382
87
25
95
232
213
363
283
260
300
363
176
56
405
215
15
71
342
102
123
360
48
147
331
381
186
129
153
22
296
258
32
280
49
241
83
401
405
129
243
213
137
213
48
18
138
398
217
116
278
249
84
391
52
228
81
383
298
313
198
368
398
80
15
398
269
35
379
121
141
352
23
391
150
66
103
353
116
285
341
152
188
389
1
12
398
403
373
380
71
344
319
398
136
96
126
22
211
333
230
382
74
218
351
299
132
206
318
244
346
302
31
231
100
261
85
116
254
151
280
96
162
173
8
246
363
370
207
273
280
133
258
258
271
259
148
71
334
377
99
217
213
124
88
47
237
24
28
213
256
280
280
365
48
223
133
231
19
247
164
338
32
165
193
321
18
193
274
141
382
179
121
356
194
231
96
232
379
218
396
281
270
258
112
220
232
386
280
104
315
189
181
38
210
288
43
385
198
364
405
257
215
71
367
154
285
92
148
60
48
305
290
111
405
223
391
77
129
392
88
46
324
244
105
250
67
8
30
244
115
366
13
111
379
23
239
359
205
398
302
58
363
152
18
183
167
21
121
257
159
96
286
165
48
121
222
116
174
188
50
311
363
395
18
317
223
71
405
79
121
161
272
119
96
397
258
378
163
223
127
204
150
129
395
148
88
148
379
148
166
221
339
213
280
134
148
291
63
198
22
258
175
233
164
164
148
45
223
280
148
47
400
16
97
366
108
330
213
279
148
77
399
363
201
142
235
33
363
10
341
244
405
91
240
324
135
22
233
83
129
120
275
148
213
379
162
227
192
9
116
258
281
86
130
106
291
297
60
13
88
186
381
271
198
111
295
129
305
133
391
185
13
215
260
48
172
55
48
383
383
382
394
350
125
71
121
70
157
213
374
31
122
324
234
30
23
141
244
86
320
84
244
148
280
114
101
391
313
133
53
255
402
213
162
250
72
388
266
93
198
276
320
190
173
292
82
121
30
177
363
370
71
215
148
195
398
116
405
245
121
178
113
268
301
249
71
44
4
253
36
18
22
171
376
311
127
398
212
304
375
180
386
391
184
252
213
83
126
213
208
213
85
114
7
280
75
56
226
129
307
2
22
197
133
284
290
94
168
65
264
213
258
96
42
331
223
244
225
323
232
48
128
223
148
160
133
139
265
17
22
19
59
70
170
195
187
290
133
37
126
282
129
250
361
366
22
213
354
149
141
236
14
326
214
328
36
363
258
148
18
363
215
294
244
121
398
316
355
117
277
215
224
390
405
89
382
291
22
133
145
141
379
379
251
81
168
48
379
132
78
335
146
244
148
217
148
325
14
169
148
96
129
138
6
72
158
258
39
41
345
11
76
398
71
111
196
405
264
116
392
68
199
314
258
370
164
96
57
405
369
164
289
260
180
362
203
155
280
309
258
71
248
22
273
111
80
379
213
131
121
328
111
372
343
398
198
338
27
287
306
372
258
215
379
61
209
238
351
349
143
88
382
88
213
370
121
308
229
127
19
27
22
258
322
404
259
336
96
198
141
244
198
268
223
210
219
133
80
316
76
223
87
329
96
155
232
405
268
71
397
111
370
16
313
363
133
96
88
217
213
64
405
148
296
22
258
363
258
363
319
148
68
244
215
393
358
389
97
111
327
219
48
69
107
76
71
325
379
206
109
267
291
198
156
223
327
142
26
211
18
141
211
98
129
258
386
278
198
22
191
360
8
125
88
118
18
398
142
215
73
90
110
349
289
291
310
385
62
384
44
213
29
